# JRE version: OpenJDK Runtime Environment (8.0_202-b03) (build 1.8.0_202-release-1483-b03)
# Java VM: OpenJDK 64-Bit Server VM (25.202-b03 mixed mode windows-amd64 compressed oops)
Heap:
 PSYoungGen      total 366080K, used 112096K [0x00000000e0000000, 0x00000000f8a80000, 0x0000000100000000)
  eden space 337408K, 30% used [0x00000000e0000000,0x00000000e65cb640,0x00000000f4980000)
  from space 28672K, 27% used [0x00000000f4980000,0x00000000f512cb80,0x00000000f6580000)
  to   space 25088K, 0% used [0x00000000f6580000,0x00000000f6580000,0x00000000f7e00000)
 ParOldGen       total 191488K, used 145899K [0x00000000a0000000, 0x00000000abb00000, 0x00000000e0000000)
  object space 191488K, 76% used [0x00000000a0000000,0x00000000a8e7ad60,0x00000000abb00000)
 Metaspace       used 97882K, capacity 101446K, committed 103168K, reserved 1138688K
  class space    used 12227K, capacity 12892K, committed 13312K, reserved 1048576K
GC Heap History (10 events):
Event: 3708.907 GC heap before
{Heap before GC invocations=37 (full 4):
 PSYoungGen      total 362496K, used 362493K [0x00000000e0000000, 0x00000000f8a80000, 0x0000000100000000)
  eden space 337408K, 100% used [0x00000000e0000000,0x00000000f4980000,0x00000000f4980000)
  from space 25088K, 99% used [0x00000000f6580000,0x00000000f7dff7c0,0x00000000f7e00000)
  to   space 28672K, 0% used [0x00000000f4980000,0x00000000f4980000,0x00000000f6580000)
 ParOldGen       total 191488K, used 98810K [0x00000000a0000000, 0x00000000abb00000, 0x00000000e0000000)
  object space 191488K, 51% used [0x00000000a0000000,0x00000000a607e9f8,0x00000000abb00000)
 Metaspace       used 97816K, capacity 101372K, committed 103168K, reserved 1138688K
  class space    used 12225K, capacity 12891K, committed 13312K, reserved 1048576K
Event: 3709.008 GC heap after
Heap after GC invocations=37 (full 4):
 PSYoungGen      total 366080K, used 20646K [0x00000000e0000000, 0x00000000f8a80000, 0x0000000100000000)
  eden space 337408K, 0% used [0x00000000e0000000,0x00000000e0000000,0x00000000f4980000)
  from space 28672K, 72% used [0x00000000f4980000,0x00000000f5da9b08,0x00000000f6580000)
  to   space 25088K, 0% used [0x00000000f6580000,0x00000000f6580000,0x00000000f7e00000)
 ParOldGen       total 191488K, used 109677K [0x00000000a0000000, 0x00000000abb00000, 0x00000000e0000000)
  object space 191488K, 57% used [0x00000000a0000000,0x00000000a6b1b4f8,0x00000000abb00000)
 Metaspace       used 97816K, capacity 101372K, committed 103168K, reserved 1138688K
  class space    used 12225K, capacity 12891K, committed 13312K, reserved 1048576K
}
Event: 3711.856 GC heap before
{Heap before GC invocations=38 (full 4):
 PSYoungGen      total 366080K, used 358054K [0x00000000e0000000, 0x00000000f8a80000, 0x0000000100000000)
  eden space 337408K, 100% used [0x00000000e0000000,0x00000000f4980000,0x00000000f4980000)
  from space 28672K, 72% used [0x00000000f4980000,0x00000000f5da9b08,0x00000000f6580000)
  to   space 25088K, 0% used [0x00000000f6580000,0x00000000f6580000,0x00000000f7e00000)
 ParOldGen       total 191488K, used 109677K [0x00000000a0000000, 0x00000000abb00000, 0x00000000e0000000)
  object space 191488K, 57% used [0x00000000a0000000,0x00000000a6b1b4f8,0x00000000abb00000)
 Metaspace       used 97832K, capacity 101372K, committed 103168K, reserved 1138688K
  class space    used 12225K, capacity 12891K, committed 13312K, reserved 1048576K
Event: 3711.972 GC heap after
Heap after GC invocations=38 (full 4):
 PSYoungGen      total 362496K, used 15473K [0x00000000e0000000, 0x00000000f8a80000, 0x0000000100000000)
  eden space 337408K, 0% used [0x00000000e0000000,0x00000000e0000000,0x00000000f4980000)
  from space 25088K, 61% used [0x00000000f6580000,0x00000000f749c758,0x00000000f7e00000)
  to   space 28672K, 0% used [0x00000000f4980000,0x00000000f4980000,0x00000000f6580000)
 ParOldGen       total 191488K, used 118910K [0x00000000a0000000, 0x00000000abb00000, 0x00000000e0000000)
  object space 191488K, 62% used [0x00000000a0000000,0x00000000a741fb28,0x00000000abb00000)
 Metaspace       used 97832K, capacity 101372K, committed 103168K, reserved 1138688K
  class space    used 12225K, capacity 12891K, committed 13312K, reserved 1048576K
}
Event: 3716.784 GC heap before
{Heap before GC invocations=39 (full 4):
 PSYoungGen      total 362496K, used 352881K [0x00000000e0000000, 0x00000000f8a80000, 0x0000000100000000)
  eden space 337408K, 100% used [0x00000000e0000000,0x00000000f4980000,0x00000000f4980000)
  from space 25088K, 61% used [0x00000000f6580000,0x00000000f749c758,0x00000000f7e00000)
  to   space 28672K, 0% used [0x00000000f4980000,0x00000000f4980000,0x00000000f6580000)
 ParOldGen       total 191488K, used 118910K [0x00000000a0000000, 0x00000000abb00000, 0x00000000e0000000)
  object space 191488K, 62% used [0x00000000a0000000,0x00000000a741fb28,0x00000000abb00000)
 Metaspace       used 97851K, capacity 101372K, committed 103168K, reserved 1138688K
  class space    used 12225K, capacity 12891K, committed 13312K, reserved 1048576K
Event: 3716.888 GC heap after
Heap after GC invocations=39 (full 4):
 PSYoungGen      total 366080K, used 12832K [0x00000000e0000000, 0x00000000f8a80000, 0x0000000100000000)
  eden space 337408K, 0% used [0x00000000e0000000,0x00000000e0000000,0x00000000f4980000)
  from space 28672K, 44% used [0x00000000f4980000,0x00000000f5608000,0x00000000f6580000)
  to   space 25088K, 0% used [0x00000000f6580000,0x00000000f6580000,0x00000000f7e00000)
 ParOldGen       total 191488K, used 128114K [0x00000000a0000000, 0x00000000abb00000, 0x00000000e0000000)
  object space 191488K, 66% used [0x00000000a0000000,0x00000000a7d1cba0,0x00000000abb00000)
 Metaspace       used 97851K, capacity 101372K, committed 103168K, reserved 1138688K
  class space    used 12225K, capacity 12891K, committed 13312K, reserved 1048576K
}
Event: 3720.346 GC heap before
{Heap before GC invocations=40 (full 4):
 PSYoungGen      total 366080K, used 350240K [0x00000000e0000000, 0x00000000f8a80000, 0x0000000100000000)
  eden space 337408K, 100% used [0x00000000e0000000,0x00000000f4980000,0x00000000f4980000)
  from space 28672K, 44% used [0x00000000f4980000,0x00000000f5608000,0x00000000f6580000)
  to   space 25088K, 0% used [0x00000000f6580000,0x00000000f6580000,0x00000000f7e00000)
 ParOldGen       total 191488K, used 128114K [0x00000000a0000000, 0x00000000abb00000, 0x00000000e0000000)
  object space 191488K, 66% used [0x00000000a0000000,0x00000000a7d1cba0,0x00000000abb00000)
 Metaspace       used 97860K, capacity 101382K, committed 103168K, reserved 1138688K
  class space    used 12226K, capacity 12892K, committed 13312K, reserved 1048576K
Event: 3720.409 GC heap after
Heap after GC invocations=40 (full 4):
 PSYoungGen      total 362496K, used 5536K [0x00000000e0000000, 0x00000000f8a80000, 0x0000000100000000)
  eden space 337408K, 0% used [0x00000000e0000000,0x00000000e0000000,0x00000000f4980000)
  from space 25088K, 22% used [0x00000000f6580000,0x00000000f6ae8000,0x00000000f7e00000)
  to   space 28672K, 0% used [0x00000000f4980000,0x00000000f4980000,0x00000000f6580000)
 ParOldGen       total 191488K, used 140915K [0x00000000a0000000, 0x00000000abb00000, 0x00000000e0000000)
  object space 191488K, 73% used [0x00000000a0000000,0x00000000a899cd60,0x00000000abb00000)
 Metaspace       used 97860K, capacity 101382K, committed 103168K, reserved 1138688K
  class space    used 12226K, capacity 12892K, committed 13312K, reserved 1048576K
}
Event: 3727.185 GC heap before
{Heap before GC invocations=41 (full 4):
 PSYoungGen      total 362496K, used 342944K [0x00000000e0000000, 0x00000000f8a80000, 0x0000000100000000)
  eden space 337408K, 100% used [0x00000000e0000000,0x00000000f4980000,0x00000000f4980000)
  from space 25088K, 22% used [0x00000000f6580000,0x00000000f6ae8000,0x00000000f7e00000)
  to   space 28672K, 0% used [0x00000000f4980000,0x00000000f4980000,0x00000000f6580000)
 ParOldGen       total 191488K, used 140915K [0x00000000a0000000, 0x00000000abb00000, 0x00000000e0000000)
  object space 191488K, 73% used [0x00000000a0000000,0x00000000a899cd60,0x00000000abb00000)
 Metaspace       used 97882K, capacity 101446K, committed 103168K, reserved 1138688K
  class space    used 12226K, capacity 12892K, committed 13312K, reserved 1048576K
Event: 3727.242 GC heap after
Heap after GC invocations=41 (full 4):
 PSYoungGen      total 366080K, used 7858K [0x00000000e0000000, 0x00000000f8a80000, 0x0000000100000000)
  eden space 337408K, 0% used [0x00000000e0000000,0x00000000e0000000,0x00000000f4980000)
  from space 28672K, 27% used [0x00000000f4980000,0x00000000f512cb80,0x00000000f6580000)
  to   space 25088K, 0% used [0x00000000f6580000,0x00000000f6580000,0x00000000f7e00000)
 ParOldGen       total 191488K, used 145899K [0x00000000a0000000, 0x00000000abb00000, 0x00000000e0000000)
  object space 191488K, 76% used [0x00000000a0000000,0x00000000a8e7ad60,0x00000000abb00000)
 Metaspace       used 97882K, capacity 101446K, committed 103168K, reserved 1138688K
  class space    used 12226K, capacity 12892K, committed 13312K, reserved 1048576K
}

